Matplotlib created a temporary config/cache directory at /tmp/matplotlib-sc5wtz7s because the default path (/home/jovyan/.cache/matplotlib) is not a writable directory; it is highly recommended to set the MPLCONFIGDIR environment variable to a writable directory, in particular to speed up the import of Matplotlib and to better support multiprocessing.
wandb: Currently logged in as: kendragivens. Use `wandb login --relogin` to force relogin
wandb: wandb version 0.13.7 is available!  To upgrade, please run:
wandb:  $ pip install wandb --upgrade
wandb: Tracking run with wandb version 0.13.4
wandb: Run data is saved locally in /home/klg6z/work/work/TransformerXL/STR_XL/Training/wandb/run-20221221_103417-3hnjhmoh
wandb: Run `wandb offline` to turn off syncing.
wandb: Syncing run dulcet-moon-199
wandb: ⭐️ View project at https://wandb.ai/kendragivens/StrXL
wandb: 🚀 View run at https://wandb.ai/kendragivens/StrXL/runs/3hnjhmoh
wandb: Downloading large artifact nachusa-dna:latest, 4079.09MB. 420 files... 
wandb:   420 of 420 files downloaded.  
Done. 0:0:0.1
wandb:   5 of 5 files downloaded.  
0
Using GPU Strategy. Selected GPUs: [0]
Sample './artifacts/nachusa-dna:v0/Wes7-PCRblank1_S8_L001_R1_001.db' does not contain enough sequences. This sample will be ignored.
Sample './artifacts/nachusa-dna:v0/Wes24-PCRblank2_S25_L001_R1_001.db' does not contain enough sequences. This sample will be ignored.
Sample './artifacts/nachusa-dna:v0/Wes44-PCRblank3_S45_L001_R1_001.db' does not contain enough sequences. This sample will be ignored.
Sample './artifacts/nachusa-dna:v0/Wes7-PCRblank1_S8_L001_R1_001.db' does not contain enough sequences. This sample will be ignored.
Sample './artifacts/nachusa-dna:v0/Wesley049-SB-100420_S188_L001_R1_001.db' does not contain enough sequences. This sample will be ignored.
Sample './artifacts/nachusa-dna:v0/Wes24-PCRblank2_S25_L001_R1_001.db' does not contain enough sequences. This sample will be ignored.
Sample './artifacts/nachusa-dna:v0/Wesley056-NegCtrl_S195_L001_R1_001.db' does not contain enough sequences. This sample will be ignored.
Epoch 1/3000
wandb: ERROR Dropped streaming file chunk (see wandb/debug-internal.log)
wandb: ERROR Dropped streaming file chunk (see wandb/debug-internal.log)
 1/20 [>.............................] - ETA: 10:07 - loss: 5.8248 - sparse_categorical_accuracy: 0.0000e+00wandb: ERROR Dropped streaming file chunk (see wandb/debug-internal.log)
Exception in thread Thread-18:
Traceback (most recent call last):
  File "/home/klg6z/.local/lib/python3.10/site-packages/wandb/apis/normalize.py", line 26, in wrapper
    return func(*args, **kwargs)
  File "/home/klg6z/.local/lib/python3.10/site-packages/wandb/sdk/internal/internal_api.py", line 1650, in upload_urls
    raise CommError(f"Run does not exist {entity}/{project}/{run_id}.")
wandb.errors.CommError: Run does not exist kendragivens/StrXL/3hnjhmoh.

During handling of the above exception, another exception occurred:

Traceback (most recent call last):
  File "/opt/conda/lib/python3.10/threading.py", line 1016, in _bootstrap_inner
    self.run()
  File "/home/klg6z/.local/lib/python3.10/site-packages/wandb/filesync/upload_job.py", line 67, in run
    success = self.push()
  File "/home/klg6z/.local/lib/python3.10/site-packages/wandb/filesync/upload_job.py", line 118, in push
    _, upload_headers, result = self._api.upload_urls(project, [self.save_name])
  File "/home/klg6z/.local/lib/python3.10/site-packages/wandb/apis/normalize.py", line 62, in wrapper
    raise CommError(message, err).with_traceback(sys.exc_info()[2])
  File "/home/klg6z/.local/lib/python3.10/site-packages/wandb/apis/normalize.py", line 26, in wrapper
    return func(*args, **kwargs)
  File "/home/klg6z/.local/lib/python3.10/site-packages/wandb/sdk/internal/internal_api.py", line 1650, in upload_urls
    raise CommError(f"Run does not exist {entity}/{project}/{run_id}.")
wandb.errors.CommError: Run does not exist kendragivens/StrXL/3hnjhmoh.
Exception in thread Thread-19:
Traceback (most recent call last):
  File "/home/klg6z/.local/lib/python3.10/site-packages/wandb/apis/normalize.py", line 26, in wrapper
    return func(*args, **kwargs)
  File "/home/klg6z/.local/lib/python3.10/site-packages/wandb/sdk/internal/internal_api.py", line 1650, in upload_urls
    raise CommError(f"Run does not exist {entity}/{project}/{run_id}.")
wandb.errors.CommError: Run does not exist kendragivens/StrXL/3hnjhmoh.

During handling of the above exception, another exception occurred:

Traceback (most recent call last):
  File "/opt/conda/lib/python3.10/threading.py", line 1016, in _bootstrap_inner
    self.run()
  File "/home/klg6z/.local/lib/python3.10/site-packages/wandb/filesync/upload_job.py", line 67, in run
    success = self.push()
  File "/home/klg6z/.local/lib/python3.10/site-packages/wandb/filesync/upload_job.py", line 118, in push
    _, upload_headers, result = self._api.upload_urls(project, [self.save_name])
  File "/home/klg6z/.local/lib/python3.10/site-packages/wandb/apis/normalize.py", line 62, in wrapper
    raise CommError(message, err).with_traceback(sys.exc_info()[2])
  File "/home/klg6z/.local/lib/python3.10/site-packages/wandb/apis/normalize.py", line 26, in wrapper
    return func(*args, **kwargs)
  File "/home/klg6z/.local/lib/python3.10/site-packages/wandb/sdk/internal/internal_api.py", line 1650, in upload_urls
    raise CommError(f"Run does not exist {entity}/{project}/{run_id}.")
wandb.errors.CommError: Run does not exist kendragivens/StrXL/3hnjhmoh.
 2/20 [==>...........................] - ETA: 2:02 - loss: 5.6314 - sparse_categorical_accuracy: 0.0000e+00  3/20 [===>..........................] - ETA: 1:55 - loss: 5.5001 - sparse_categorical_accuracy: 0.0000e+00wandb: ERROR Dropped streaming file chunk (see wandb/debug-internal.log)
 4/20 [=====>........................] - ETA: 1:48 - loss: 5.4839 - sparse_categorical_accuracy: 0.0125     5/20 [======>.......................] - ETA: 1:42 - loss: 5.4822 - sparse_categorical_accuracy: 0.0100wandb: ERROR Dropped streaming file chunk (see wandb/debug-internal.log)
 6/20 [========>.....................] - ETA: 1:35 - loss: 5.4594 - sparse_categorical_accuracy: 0.0083 7/20 [=========>....................] - ETA: 1:28 - loss: 5.4791 - sparse_categorical_accuracy: 0.0071wandb: ERROR Dropped streaming file chunk (see wandb/debug-internal.log)
 8/20 [===========>..................] - ETA: 1:21 - loss: 5.4890 - sparse_categorical_accuracy: 0.0063 9/20 [============>.................] - ETA: 1:15 - loss: 5.4793 - sparse_categorical_accuracy: 0.0056wandb: ERROR Dropped streaming file chunk (see wandb/debug-internal.log)
10/20 [==============>...............] - ETA: 1:08 - loss: 5.4999 - sparse_categorical_accuracy: 0.005011/20 [===============>..............] - ETA: 1:01 - loss: 5.4827 - sparse_categorical_accuracy: 0.0045wandb: ERROR Dropped streaming file chunk (see wandb/debug-internal.log)
12/20 [=================>............] - ETA: 54s - loss: 5.4853 - sparse_categorical_accuracy: 0.0042 13/20 [==================>...........] - ETA: 47s - loss: 5.4696 - sparse_categorical_accuracy: 0.0038wandb: ERROR Dropped streaming file chunk (see wandb/debug-internal.log)
14/20 [====================>.........] - ETA: 41s - loss: 5.4890 - sparse_categorical_accuracy: 0.003615/20 [=====================>........] - ETA: 34s - loss: 5.5015 - sparse_categorical_accuracy: 0.0033wandb: ERROR Dropped streaming file chunk (see wandb/debug-internal.log)
16/20 [=======================>......] - ETA: 27s - loss: 5.5130 - sparse_categorical_accuracy: 0.0063wandb: ERROR Dropped streaming file chunk (see wandb/debug-internal.log)
17/20 [========================>.....] - ETA: 20s - loss: 5.5191 - sparse_categorical_accuracy: 0.005918/20 [==========================>...] - ETA: 13s - loss: 5.5150 - sparse_categorical_accuracy: 0.005619/20 [===========================>..] - ETA: 6s - loss: 5.5293 - sparse_categorical_accuracy: 0.0053 wandb: ERROR Dropped streaming file chunk (see wandb/debug-internal.log)
20/20 [==============================] - ETA: 0s - loss: 5.5323 - sparse_categorical_accuracy: 0.0050wandb: ERROR Dropped streaming file chunk (see wandb/debug-internal.log)
wandb: ERROR Dropped streaming file chunk (see wandb/debug-internal.log)
20/20 [==============================] - 212s 9s/step - loss: 5.5323 - sparse_categorical_accuracy: 0.0050 - val_loss: 5.4962 - val_sparse_categorical_accuracy: 0.0000e+00
Epoch 2/3000
wandb: ERROR Dropped streaming file chunk (see wandb/debug-internal.log)
 1/20 [>.............................] - ETA: 2:22 - loss: 5.3179 - sparse_categorical_accuracy: 0.0000e+00 2/20 [==>...........................] - ETA: 2:02 - loss: 5.3362 - sparse_categorical_accuracy: 0.0000e+00wandb: ERROR Dropped streaming file chunk (see wandb/debug-internal.log)
wandb: ERROR Dropped streaming file chunk (see wandb/debug-internal.log)
 3/20 [===>..........................] - ETA: 1:56 - loss: 5.3274 - sparse_categorical_accuracy: 0.0000e+00 4/20 [=====>........................] - ETA: 1:51 - loss: 5.3675 - sparse_categorical_accuracy: 0.0000e+00wandb: ERROR Dropped streaming file chunk (see wandb/debug-internal.log)
 5/20 [======>.......................] - ETA: 1:44 - loss: 5.3962 - sparse_categorical_accuracy: 0.0000e+00 6/20 [========>.....................] - ETA: 1:38 - loss: 5.4145 - sparse_categorical_accuracy: 0.0000e+00wandb: ERROR Dropped streaming file chunk (see wandb/debug-internal.log)
 7/20 [=========>....................] - ETA: 1:31 - loss: 5.4403 - sparse_categorical_accuracy: 0.0000e+00 8/20 [===========>..................] - ETA: 1:24 - loss: 5.4748 - sparse_categorical_accuracy: 0.0000e+00 9/20 [============>.................] - ETA: 1:17 - loss: 5.4754 - sparse_categorical_accuracy: 0.0000e+0010/20 [==============>...............] - ETA: 1:10 - loss: 5.4929 - sparse_categorical_accuracy: 0.0000e+0011/20 [===============>..............] - ETA: 1:03 - loss: 5.4984 - sparse_categorical_accuracy: 0.0000e+00wandb: ERROR Dropped streaming file chunk (see wandb/debug-internal.log)
12/20 [=================>............] - ETA: 56s - loss: 5.4921 - sparse_categorical_accuracy: 0.0042     13/20 [==================>...........] - ETA: 49s - loss: 5.4832 - sparse_categorical_accuracy: 0.007714/20 [====================>.........] - ETA: 42s - loss: 5.4865 - sparse_categorical_accuracy: 0.007115/20 [=====================>........] - ETA: 35s - loss: 5.4809 - sparse_categorical_accuracy: 0.0067wandb: ERROR Dropped streaming file chunk (see wandb/debug-internal.log)
16/20 [=======================>......] - ETA: 28s - loss: 5.4772 - sparse_categorical_accuracy: 0.006317/20 [========================>.....] - ETA: 21s - loss: 5.4677 - sparse_categorical_accuracy: 0.005918/20 [==========================>...] - ETA: 14s - loss: 5.4855 - sparse_categorical_accuracy: 0.005619/20 [===========================>..] - ETA: 7s - loss: 5.4681 - sparse_categorical_accuracy: 0.0105 20/20 [==============================] - ETA: 0s - loss: 5.4686 - sparse_categorical_accuracy: 0.0100wandb: ERROR Dropped streaming file chunk (see wandb/debug-internal.log)
wandb: ERROR Dropped streaming file chunk (see wandb/debug-internal.log)
20/20 [==============================] - 177s 9s/step - loss: 5.4686 - sparse_categorical_accuracy: 0.0100 - val_loss: 5.3725 - val_sparse_categorical_accuracy: 0.0000e+00
Epoch 3/3000
wandb: ERROR Dropped streaming file chunk (see wandb/debug-internal.log)
wandb: ERROR Dropped streaming file chunk (see wandb/debug-internal.log)
 1/20 [>.............................] - ETA: 2:24 - loss: 5.4694 - sparse_categorical_accuracy: 0.0000e+00 2/20 [==>...........................] - ETA: 2:07 - loss: 5.4539 - sparse_categorical_accuracy: 0.0000e+00 3/20 [===>..........................] - ETA: 2:00 - loss: 5.4632 - sparse_categorical_accuracy: 0.0000e+00 4/20 [=====>........................] - ETA: 1:53 - loss: 5.4037 - sparse_categorical_accuracy: 0.0000e+00wandb: ERROR Dropped streaming file chunk (see wandb/debug-internal.log)
wandb: ERROR Dropped streaming file chunk (see wandb/debug-internal.log)
 5/20 [======>.......................] - ETA: 1:46 - loss: 5.4069 - sparse_categorical_accuracy: 0.0000e+00 6/20 [========>.....................] - ETA: 1:39 - loss: 5.4244 - sparse_categorical_accuracy: 0.0000e+00 7/20 [=========>....................] - ETA: 1:32 - loss: 5.4163 - sparse_categorical_accuracy: 0.0000e+00 8/20 [===========>..................] - ETA: 1:25 - loss: 5.4587 - sparse_categorical_accuracy: 0.0000e+00wandb: ERROR Dropped streaming file chunk (see wandb/debug-internal.log)
 9/20 [============>.................] - ETA: 1:18 - loss: 5.4877 - sparse_categorical_accuracy: 0.0000e+0010/20 [==============>...............] - ETA: 1:10 - loss: 5.4587 - sparse_categorical_accuracy: 0.0050    11/20 [===============>..............] - ETA: 1:03 - loss: 5.4255 - sparse_categorical_accuracy: 0.009112/20 [=================>............] - ETA: 56s - loss: 5.4030 - sparse_categorical_accuracy: 0.0083 13/20 [==================>...........] - ETA: 49s - loss: 5.4026 - sparse_categorical_accuracy: 0.0077wandb: ERROR Dropped streaming file chunk (see wandb/debug-internal.log)
14/20 [====================>.........] - ETA: 42s - loss: 5.4030 - sparse_categorical_accuracy: 0.007115/20 [=====================>........] - ETA: 35s - loss: 5.4030 - sparse_categorical_accuracy: 0.006716/20 [=======================>......] - ETA: 28s - loss: 5.3979 - sparse_categorical_accuracy: 0.006317/20 [========================>.....] - ETA: 21s - loss: 5.3990 - sparse_categorical_accuracy: 0.0059wandb: ERROR Dropped streaming file chunk (see wandb/debug-internal.log)
18/20 [==========================>...] - ETA: 14s - loss: 5.3719 - sparse_categorical_accuracy: 0.005619/20 [===========================>..] - ETA: 7s - loss: 5.3610 - sparse_categorical_accuracy: 0.0053 20/20 [==============================] - ETA: 0s - loss: 5.3622 - sparse_categorical_accuracy: 0.0050wandb: ERROR Dropped streaming file chunk (see wandb/debug-internal.log)
20/20 [==============================] - 177s 9s/step - loss: 5.3622 - sparse_categorical_accuracy: 0.0050 - val_loss: 5.2836 - val_sparse_categorical_accuracy: 0.0100
Epoch 4/3000
 1/20 [>.............................] - ETA: 2:24 - loss: 5.1473 - sparse_categorical_accuracy: 0.0000e+00wandb: ERROR Dropped streaming file chunk (see wandb/debug-internal.log)
wandb: ERROR Dropped streaming file chunk (see wandb/debug-internal.log)
 2/20 [==>...........................] - ETA: 2:08 - loss: 5.1117 - sparse_categorical_accuracy: 0.0500     3/20 [===>..........................] - ETA: 2:01 - loss: 5.1451 - sparse_categorical_accuracy: 0.0333 4/20 [=====>........................] - ETA: 1:53 - loss: 5.1653 - sparse_categorical_accuracy: 0.0375 5/20 [======>.......................] - ETA: 1:46 - loss: 5.1378 - sparse_categorical_accuracy: 0.0400wandb: ERROR Dropped streaming file chunk (see wandb/debug-internal.log)
 6/20 [========>.....................] - ETA: 1:39 - loss: 5.1288 - sparse_categorical_accuracy: 0.0417 7/20 [=========>....................] - ETA: 1:32 - loss: 5.1465 - sparse_categorical_accuracy: 0.0357 8/20 [===========>..................] - ETA: 1:25 - loss: 5.1499 - sparse_categorical_accuracy: 0.0437 9/20 [============>.................] - ETA: 1:18 - loss: 5.1577 - sparse_categorical_accuracy: 0.0444wandb: ERROR Dropped streaming file chunk (see wandb/debug-internal.log)
10/20 [==============>...............] - ETA: 1:11 - loss: 5.1645 - sparse_categorical_accuracy: 0.040011/20 [===============>..............] - ETA: 1:03 - loss: 5.1536 - sparse_categorical_accuracy: 0.040912/20 [=================>............] - ETA: 56s - loss: 5.1574 - sparse_categorical_accuracy: 0.0375 slurmstepd: error: *** JOB 7547 ON compute03 CANCELLED AT 2022-12-21T10:46:16 ***
